# JRE version: Java(TM) SE Runtime Environment (8.0_151-b12) (build 1.8.0_151-b12)
# Java VM: Java HotSpot(TM) Client VM (25.151-b12 mixed mode windows-x86 )
Heap:
 def new generation   total 4928K, used 1681K [0x04800000, 0x04d50000, 0x09d50000)
  eden space 4416K,  26% used [0x04800000, 0x049246d0, 0x04c50000)
  from space 512K, 100% used [0x04cd0000, 0x04d50000, 0x04d50000)
  to   space 512K,   0% used [0x04c50000, 0x04c50000, 0x04cd0000)
 tenured generation   total 10944K, used 6041K [0x09d50000, 0x0a800000, 0x14800000)
   the space 10944K,  55% used [0x09d50000, 0x0a3366c0, 0x0a336800, 0x0a800000)
 Metaspace       used 9656K, capacity 9882K, committed 9984K, reserved 10624K
GC Heap History (10 events):
Event: 0.430 GC heap before
{Heap before GC invocations=0 (full 0):
 def new generation   total 4928K, used 4416K [0x04800000, 0x04d50000, 0x09d50000)
  eden space 4416K, 100% used [0x04800000, 0x04c50000, 0x04c50000)
  from space 512K,   0% used [0x04c50000, 0x04c50000, 0x04cd0000)
  to   space 512K,   0% used [0x04cd0000, 0x04cd0000, 0x04d50000)
 tenured generation   total 10944K, used 0K [0x09d50000, 0x0a800000, 0x14800000)
   the space 10944K,   0% used [0x09d50000, 0x09d50000, 0x09d50200, 0x0a800000)
 Metaspace       used 5317K, capacity 5495K, committed 5632K, reserved 6528K
Event: 0.435 GC heap after
Heap after GC invocations=1 (full 0):
 def new generation   total 4928K, used 512K [0x04800000, 0x04d50000, 0x09d50000)
  eden space 4416K,   0% used [0x04800000, 0x04800000, 0x04c50000)
  from space 512K, 100% used [0x04cd0000, 0x04d50000, 0x04d50000)
  to   space 512K,   0% used [0x04c50000, 0x04c50000, 0x04cd0000)
 tenured generation   total 10944K, used 919K [0x09d50000, 0x0a800000, 0x14800000)
   the space 10944K,   8% used [0x09d50000, 0x09e35de0, 0x09e35e00, 0x0a800000)
 Metaspace       used 5317K, capacity 5495K, committed 5632K, reserved 6528K
}
Event: 0.624 GC heap before
{Heap before GC invocations=1 (full 0):
 def new generation   total 4928K, used 2131K [0x04800000, 0x04d50000, 0x09d50000)
  eden space 4416K,  36% used [0x04800000, 0x04994c90, 0x04c50000)
  from space 512K, 100% used [0x04cd0000, 0x04d50000, 0x04d50000)
  to   space 512K,   0% used [0x04c50000, 0x04c50000, 0x04cd0000)
 tenured generation   total 10944K, used 919K [0x09d50000, 0x0a800000, 0x14800000)
   the space 10944K,   8% used [0x09d50000, 0x09e35de0, 0x09e35e00, 0x0a800000)
 Metaspace       used 5852K, capacity 6083K, committed 6144K, reserved 6528K
Event: 0.627 GC heap after
Heap after GC invocations=2 (full 0):
 def new generation   total 4928K, used 226K [0x04800000, 0x04d50000, 0x09d50000)
  eden space 4416K,   0% used [0x04800000, 0x04800000, 0x04c50000)
  from space 512K,  44% used [0x04c50000, 0x04c88b88, 0x04cd0000)
  to   space 512K,   0% used [0x04cd0000, 0x04cd0000, 0x04d50000)
 tenured generation   total 10944K, used 1420K [0x09d50000, 0x0a800000, 0x14800000)
   the space 10944K,  12% used [0x09d50000, 0x09eb3328, 0x09eb3400, 0x0a800000)
 Metaspace       used 5852K, capacity 6083K, committed 6144K, reserved 6528K
}
Event: 0.687 GC heap before
{Heap before GC invocations=2 (full 0):
 def new generation   total 4928K, used 3563K [0x04800000, 0x04d50000, 0x09d50000)
  eden space 4416K,  75% used [0x04800000, 0x04b42160, 0x04c50000)
  from space 512K,  44% used [0x04c50000, 0x04c88b88, 0x04cd0000)
  to   space 512K,   0% used [0x04cd0000, 0x04cd0000, 0x04d50000)
 tenured generation   total 10944K, used 1420K [0x09d50000, 0x0a800000, 0x14800000)
   the space 10944K,  12% used [0x09d50000, 0x09eb3328, 0x09eb3400, 0x0a800000)
 Metaspace       used 6471K, capacity 6716K, committed 6784K, reserved 7552K
Event: 0.689 GC heap after
Heap after GC invocations=3 (full 0):
 def new generation   total 4928K, used 416K [0x04800000, 0x04d50000, 0x09d50000)
  eden space 4416K,   0% used [0x04800000, 0x04800000, 0x04c50000)
  from space 512K,  81% used [0x04cd0000, 0x04d380e0, 0x04d50000)
  to   space 512K,   0% used [0x04c50000, 0x04c50000, 0x04cd0000)
 tenured generation   total 10944K, used 1833K [0x09d50000, 0x0a800000, 0x14800000)
   the space 10944K,  16% used [0x09d50000, 0x09f1a670, 0x09f1a800, 0x0a800000)
 Metaspace       used 6471K, capacity 6716K, committed 6784K, reserved 7552K
}
Event: 2.459 GC heap before
{Heap before GC invocations=3 (full 0):
 def new generation   total 4928K, used 4832K [0x04800000, 0x04d50000, 0x09d50000)
  eden space 4416K, 100% used [0x04800000, 0x04c50000, 0x04c50000)
  from space 512K,  81% used [0x04cd0000, 0x04d380e0, 0x04d50000)
  to   space 512K,   0% used [0x04c50000, 0x04c50000, 0x04cd0000)
 tenured generation   total 10944K, used 1833K [0x09d50000, 0x0a800000, 0x14800000)
   the space 10944K,  16% used [0x09d50000, 0x09f1a670, 0x09f1a800, 0x0a800000)
 Metaspace       used 7698K, capacity 7928K, committed 8064K, reserved 8576K
Event: 2.469 GC heap after
Heap after GC invocations=4 (full 0):
 def new generation   total 4928K, used 328K [0x04800000, 0x04d50000, 0x09d50000)
  eden space 4416K,   0% used [0x04800000, 0x04800000, 0x04c50000)
  from space 512K,  64% used [0x04c50000, 0x04ca2298, 0x04cd0000)
  to   space 512K,   0% used [0x04cd0000, 0x04cd0000, 0x04d50000)
 tenured generation   total 10944K, used 5069K [0x09d50000, 0x0a800000, 0x14800000)
   the space 10944K,  46% used [0x09d50000, 0x0a243480, 0x0a243600, 0x0a800000)
 Metaspace       used 7698K, capacity 7928K, committed 8064K, reserved 8576K
}
Event: 2.945 GC heap before
{Heap before GC invocations=4 (full 0):
 def new generation   total 4928K, used 4743K [0x04800000, 0x04d50000, 0x09d50000)
  eden space 4416K,  99% used [0x04800000, 0x04c4fc38, 0x04c50000)
  from space 512K,  64% used [0x04c50000, 0x04ca2298, 0x04cd0000)
  to   space 512K,   0% used [0x04cd0000, 0x04cd0000, 0x04d50000)
 tenured generation   total 10944K, used 5069K [0x09d50000, 0x0a800000, 0x14800000)
   the space 10944K,  46% used [0x09d50000, 0x0a243480, 0x0a243600, 0x0a800000)
 Metaspace       used 9573K, capacity 9816K, committed 9984K, reserved 10624K
Event: 2.954 GC heap after
Heap after GC invocations=5 (full 0):
 def new generation   total 4928K, used 512K [0x04800000, 0x04d50000, 0x09d50000)
  eden space 4416K,   0% used [0x04800000, 0x04800000, 0x04c50000)
  from space 512K, 100% used [0x04cd0000, 0x04d50000, 0x04d50000)
  to   space 512K,   0% used [0x04c50000, 0x04c50000, 0x04cd0000)
 tenured generation   total 10944K, used 6041K [0x09d50000, 0x0a800000, 0x14800000)
   the space 10944K,  55% used [0x09d50000, 0x0a3366c0, 0x0a336800, 0x0a800000)
 Metaspace       used 9573K, capacity 9816K, committed 9984K, reserved 10624K
}

